<?xml version="1.0" encoding="UTF-8"?>
<!-- Generated by org.testng.reporters.JUnitReportReporter -->
<testsuite hostname="DESKTOP-0L4OL9P" failures="0" tests="1" name="test.VerifyPriceTest" time="23.027" errors="0" timestamp="2024-01-27T01:04:26 IST" skipped="0">
  <testcase classname="test.VerifyPriceTest" name="verifyITwoProductPriceEqualToTotalAmount" time="23.027"/>
  <system-out/>
</testsuite> <!-- test.VerifyPriceTest -->
