<?xml version="1.0" encoding="UTF-8"?>
<!-- Generated by org.testng.reporters.JUnitReportReporter -->
<testsuite hostname="DESKTOP-0L4OL9P" failures="0" tests="1" name="test.SuccessfulOrder" time="17.622" errors="0" timestamp="2024-01-29T00:00:05 IST" skipped="0">
  <testcase classname="test.SuccessfulOrder" name="verifyIfUserIsAbleToOrderTheMultipleProduct" time="17.622"/>
  <system-out/>
</testsuite> <!-- test.SuccessfulOrder -->
