<?xml version="1.0" encoding="UTF-8"?>
<!-- Generated by org.testng.reporters.JUnitReportReporter -->
<testsuite hostname="DESKTOP-0L4OL9P" failures="0" tests="1" name="test.VerifyDetailsTest" time="14.371" errors="0" timestamp="2024-01-26T23:50:11 IST" skipped="0">
  <testcase classname="test.VerifyDetailsTest" name="verifyDetailsOnAddToCartPageIsSimiliarToProductDescriptionPage" time="14.371"/>
  <system-out/>
</testsuite> <!-- test.VerifyDetailsTest -->
