<?xml version="1.0" encoding="UTF-8"?>
<!-- Generated by org.testng.reporters.JUnitReportReporter -->
<testsuite hostname="DESKTOP-0L4OL9P" failures="0" tests="1" name="test.InformationTest" time="36.693" errors="0" timestamp="2024-01-28T23:21:08 IST" skipped="0">
  <testcase classname="test.InformationTest" name="verifyIfUserIsAbleToEnterInformation" time="36.693"/>
  <system-out/>
</testsuite> <!-- test.InformationTest -->
