<?xml version="1.0" encoding="UTF-8"?>
<!-- Generated by org.testng.reporters.JUnitReportReporter -->
<testsuite hostname="DESKTOP-0L4OL9P" failures="0" tests="1" name="test.RemoveElementTest" time="16.317" errors="0" timestamp="2024-01-27T01:09:43 IST" skipped="0">
  <testcase classname="test.RemoveElementTest" name="verifyIfUserIsAbleToRemoveTheProductFromAddTOCartPage" time="16.317"/>
  <system-out/>
</testsuite> <!-- test.RemoveElementTest -->
