<?xml version="1.0" encoding="UTF-8"?>
<!-- Generated by org.testng.reporters.JUnitReportReporter -->
<testsuite hostname="DESKTOP-0L4OL9P" failures="0" tests="1" name="test.LoginPageTest" time="16.428" errors="0" timestamp="2024-01-27T01:11:03 IST" skipped="0">
  <testcase classname="test.LoginPageTest" name="verifyTheLoginPage" time="16.428"/>
  <system-out/>
</testsuite> <!-- test.LoginPageTest -->
